<?xml version="1.0" encoding="UTF-8"?>
<!-- Generated by org.testng.reporters.JUnitReportReporter -->
<testsuite hostname="Sakthi" failures="0" tests="1" name="testCases.AddingtoCart_testCases" time="10.982" errors="0" timestamp="2025-03-29T13:00:54 IST" skipped="0">
  <testcase classname="testCases.AddingtoCart_testCases" name="Cart" time="10.982"/>
</testsuite> <!-- testCases.AddingtoCart_testCases -->
